{"timestamp": "2026-05-09T06:53:51.911080+00:00", "levelname": "INFO", "name": "test", "message": "Logging test success"}
{"timestamp": "2026-06-07T13:26:52.853772+00:00", "levelname": "INFO", "name": "db_manager", "message": "Cleaned up 0 old snapshots.", "session_id": "6f49a678", "project_name": "ozbargainer"}
{"timestamp": "2026-06-07T13:26:52.854394+00:00", "levelname": "INFO", "name": "db_manager", "message": "Successful deal upsert for node/123", "event_type": "storage_upsert", "items_count": 1, "session_id": "6f49a678", "project_name": "ozbargainer"}
{"timestamp": "2026-06-07T13:26:52.854618+00:00", "levelname": "INFO", "name": "db_manager", "message": "Preserving upvotes (50) for node/123 (Incoming was 0)", "session_id": "6f49a678", "project_name": "ozbargainer"}
{"timestamp": "2026-06-07T13:26:52.854676+00:00", "levelname": "INFO", "name": "db_manager", "message": "Preserving comment_count (10) for node/123 (Incoming was 0)", "session_id": "6f49a678", "project_name": "ozbargainer"}
{"timestamp": "2026-06-07T13:26:52.854808+00:00", "levelname": "INFO", "name": "db_manager", "message": "Successful deal upsert for node/123", "event_type": "storage_upsert", "items_count": 1, "session_id": "6f49a678", "project_name": "ozbargainer"}
{"timestamp": "2026-06-07T13:26:52.856288+00:00", "levelname": "INFO", "name": "db_manager", "message": "Cleaned up 0 old snapshots.", "session_id": "6f49a678", "project_name": "ozbargainer"}
{"timestamp": "2026-06-07T13:26:52.856714+00:00", "levelname": "INFO", "name": "db_manager", "message": "Successful deal upsert for node/124", "event_type": "storage_upsert", "items_count": 1, "session_id": "6f49a678", "project_name": "ozbargainer"}
{"timestamp": "2026-06-07T13:26:52.856957+00:00", "levelname": "INFO", "name": "db_manager", "message": "Successful deal upsert for node/124", "event_type": "storage_upsert", "items_count": 1, "session_id": "6f49a678", "project_name": "ozbargainer"}
{"timestamp": "2026-06-07T13:26:52.858107+00:00", "levelname": "INFO", "name": "db_manager", "message": "Cleaned up 0 old snapshots.", "session_id": "6f49a678", "project_name": "ozbargainer"}
{"timestamp": "2026-06-07T13:33:51.241053+00:00", "levelname": "INFO", "name": "db_manager", "message": "Logtail handler initialized.", "session_id": "4c411dad", "project_name": "ozbargainer"}
{"timestamp": "2026-06-07T13:33:51.263203+00:00", "levelname": "INFO", "name": "scraper", "message": "Logtail handler initialized.", "session_id": "4c411dad", "project_name": "ozbargainer"}
{"timestamp": "2026-06-07T13:33:51.266448+00:00", "levelname": "INFO", "name": "db_manager", "message": "Cleaned up 0 old snapshots.", "session_id": "4c411dad", "project_name": "ozbargainer"}
{"timestamp": "2026-06-07T13:33:51.267126+00:00", "levelname": "INFO", "name": "db_manager", "message": "Successful deal upsert for node/123", "event_type": "storage_upsert", "items_count": 1, "session_id": "4c411dad", "project_name": "ozbargainer"}
{"timestamp": "2026-06-07T13:33:51.267405+00:00", "levelname": "INFO", "name": "db_manager", "message": "Preserving upvotes (50) for node/123 (Incoming was 0)", "session_id": "4c411dad", "project_name": "ozbargainer"}
{"timestamp": "2026-06-07T13:33:51.267506+00:00", "levelname": "INFO", "name": "db_manager", "message": "Preserving comment_count (10) for node/123 (Incoming was 0)", "session_id": "4c411dad", "project_name": "ozbargainer"}
{"timestamp": "2026-06-07T13:33:51.267694+00:00", "levelname": "INFO", "name": "db_manager", "message": "Successful deal upsert for node/123", "event_type": "storage_upsert", "items_count": 1, "session_id": "4c411dad", "project_name": "ozbargainer"}
{"timestamp": "2026-06-07T13:33:51.269089+00:00", "levelname": "INFO", "name": "db_manager", "message": "Cleaned up 0 old snapshots.", "session_id": "4c411dad", "project_name": "ozbargainer"}
{"timestamp": "2026-06-07T13:33:51.269572+00:00", "levelname": "INFO", "name": "db_manager", "message": "Successful deal upsert for node/124", "event_type": "storage_upsert", "items_count": 1, "session_id": "4c411dad", "project_name": "ozbargainer"}
{"timestamp": "2026-06-07T13:33:51.269887+00:00", "levelname": "INFO", "name": "db_manager", "message": "Successful deal upsert for node/124", "event_type": "storage_upsert", "items_count": 1, "session_id": "4c411dad", "project_name": "ozbargainer"}
{"timestamp": "2026-06-07T13:33:51.271220+00:00", "levelname": "INFO", "name": "db_manager", "message": "Cleaned up 0 old snapshots.", "session_id": "4c411dad", "project_name": "ozbargainer"}
{"timestamp": "2026-06-07T13:34:01.483800+00:00", "levelname": "INFO", "name": "db_manager", "message": "Logtail handler initialized.", "session_id": "8cf5b232", "project_name": "ozbargainer"}
{"timestamp": "2026-06-07T13:34:01.503372+00:00", "levelname": "INFO", "name": "scraper", "message": "Logtail handler initialized.", "session_id": "8cf5b232", "project_name": "ozbargainer"}
{"timestamp": "2026-06-07T13:34:01.509551+00:00", "levelname": "INFO", "name": "db_manager", "message": "Cleaned up 0 old snapshots.", "session_id": "8cf5b232", "project_name": "ozbargainer"}
{"timestamp": "2026-06-07T13:34:01.510086+00:00", "levelname": "INFO", "name": "db_manager", "message": "Successful deal upsert for node/123", "event_type": "storage_upsert", "items_count": 1, "session_id": "8cf5b232", "project_name": "ozbargainer"}
{"timestamp": "2026-06-07T13:34:01.510344+00:00", "levelname": "INFO", "name": "db_manager", "message": "Preserving upvotes (50) for node/123 (Incoming was 0)", "session_id": "8cf5b232", "project_name": "ozbargainer"}
{"timestamp": "2026-06-07T13:34:01.510449+00:00", "levelname": "INFO", "name": "db_manager", "message": "Preserving comment_count (10) for node/123 (Incoming was 0)", "session_id": "8cf5b232", "project_name": "ozbargainer"}
{"timestamp": "2026-06-07T13:34:01.510653+00:00", "levelname": "INFO", "name": "db_manager", "message": "Successful deal upsert for node/123", "event_type": "storage_upsert", "items_count": 1, "session_id": "8cf5b232", "project_name": "ozbargainer"}
{"timestamp": "2026-06-07T13:34:01.511970+00:00", "levelname": "INFO", "name": "db_manager", "message": "Cleaned up 0 old snapshots.", "session_id": "8cf5b232", "project_name": "ozbargainer"}
{"timestamp": "2026-06-07T13:34:01.512475+00:00", "levelname": "INFO", "name": "db_manager", "message": "Successful deal upsert for node/124", "event_type": "storage_upsert", "items_count": 1, "session_id": "8cf5b232", "project_name": "ozbargainer"}
{"timestamp": "2026-06-07T13:34:01.512787+00:00", "levelname": "INFO", "name": "db_manager", "message": "Successful deal upsert for node/124", "event_type": "storage_upsert", "items_count": 1, "session_id": "8cf5b232", "project_name": "ozbargainer"}
{"timestamp": "2026-06-07T13:34:01.514074+00:00", "levelname": "INFO", "name": "db_manager", "message": "Cleaned up 0 old snapshots.", "session_id": "8cf5b232", "project_name": "ozbargainer"}
{"timestamp": "2026-06-07T13:36:06.214234+00:00", "levelname": "INFO", "name": "db_manager", "message": "Logtail handler initialized.", "session_id": "79c956c7", "project_name": "ozbargainer"}
{"timestamp": "2026-06-07T13:36:06.239485+00:00", "levelname": "INFO", "name": "scraper", "message": "Logtail handler initialized.", "session_id": "79c956c7", "project_name": "ozbargainer"}
{"timestamp": "2026-06-07T13:36:06.246088+00:00", "levelname": "INFO", "name": "db_manager", "message": "Cleaned up 0 old snapshots.", "session_id": "79c956c7", "project_name": "ozbargainer"}
{"timestamp": "2026-06-07T13:36:06.246891+00:00", "levelname": "INFO", "name": "db_manager", "message": "Successful deal upsert for node/123", "event_type": "storage_upsert", "items_count": 1, "session_id": "79c956c7", "project_name": "ozbargainer"}
{"timestamp": "2026-06-07T13:36:06.247180+00:00", "levelname": "INFO", "name": "db_manager", "message": "Preserving upvotes (50) for node/123 (Incoming was 0)", "session_id": "79c956c7", "project_name": "ozbargainer"}
{"timestamp": "2026-06-07T13:36:06.247281+00:00", "levelname": "INFO", "name": "db_manager", "message": "Preserving comment_count (10) for node/123 (Incoming was 0)", "session_id": "79c956c7", "project_name": "ozbargainer"}
{"timestamp": "2026-06-07T13:36:06.247494+00:00", "levelname": "INFO", "name": "db_manager", "message": "Successful deal upsert for node/123", "event_type": "storage_upsert", "items_count": 1, "session_id": "79c956c7", "project_name": "ozbargainer"}
{"timestamp": "2026-06-07T13:36:06.248886+00:00", "levelname": "INFO", "name": "db_manager", "message": "Cleaned up 0 old snapshots.", "session_id": "79c956c7", "project_name": "ozbargainer"}
{"timestamp": "2026-06-07T13:36:06.249417+00:00", "levelname": "INFO", "name": "db_manager", "message": "Successful deal upsert for node/124", "event_type": "storage_upsert", "items_count": 1, "session_id": "79c956c7", "project_name": "ozbargainer"}
{"timestamp": "2026-06-07T13:36:06.249752+00:00", "levelname": "INFO", "name": "db_manager", "message": "Successful deal upsert for node/124", "event_type": "storage_upsert", "items_count": 1, "session_id": "79c956c7", "project_name": "ozbargainer"}
{"timestamp": "2026-06-07T13:36:06.251123+00:00", "levelname": "INFO", "name": "db_manager", "message": "Cleaned up 0 old snapshots.", "session_id": "79c956c7", "project_name": "ozbargainer"}
{"timestamp": "2026-06-07T13:52:45.839720+00:00", "levelname": "INFO", "name": "db_manager", "message": "Logtail handler initialized.", "session_id": "aa574bae", "project_name": "ozbargainer"}
{"timestamp": "2026-06-07T13:52:45.865173+00:00", "levelname": "INFO", "name": "scraper", "message": "Logtail handler initialized.", "session_id": "aa574bae", "project_name": "ozbargainer"}
{"timestamp": "2026-06-07T13:52:45.871439+00:00", "levelname": "INFO", "name": "db_manager", "message": "Cleaned up 0 old snapshots.", "session_id": "aa574bae", "project_name": "ozbargainer"}
{"timestamp": "2026-06-07T13:52:45.872009+00:00", "levelname": "INFO", "name": "db_manager", "message": "Successful deal upsert for node/123", "event_type": "storage_upsert", "items_count": 1, "session_id": "aa574bae", "project_name": "ozbargainer"}
{"timestamp": "2026-06-07T13:52:45.872277+00:00", "levelname": "INFO", "name": "db_manager", "message": "Preserving upvotes (50) for node/123 (Incoming was 0)", "session_id": "aa574bae", "project_name": "ozbargainer"}
{"timestamp": "2026-06-07T13:52:45.872379+00:00", "levelname": "INFO", "name": "db_manager", "message": "Preserving comment_count (10) for node/123 (Incoming was 0)", "session_id": "aa574bae", "project_name": "ozbargainer"}
{"timestamp": "2026-06-07T13:52:45.872570+00:00", "levelname": "INFO", "name": "db_manager", "message": "Successful deal upsert for node/123", "event_type": "storage_upsert", "items_count": 1, "session_id": "aa574bae", "project_name": "ozbargainer"}
{"timestamp": "2026-06-07T13:52:45.873879+00:00", "levelname": "INFO", "name": "db_manager", "message": "Cleaned up 0 old snapshots.", "session_id": "aa574bae", "project_name": "ozbargainer"}
{"timestamp": "2026-06-07T13:52:45.874350+00:00", "levelname": "INFO", "name": "db_manager", "message": "Successful deal upsert for node/124", "event_type": "storage_upsert", "items_count": 1, "session_id": "aa574bae", "project_name": "ozbargainer"}
{"timestamp": "2026-06-07T13:52:45.874665+00:00", "levelname": "INFO", "name": "db_manager", "message": "Successful deal upsert for node/124", "event_type": "storage_upsert", "items_count": 1, "session_id": "aa574bae", "project_name": "ozbargainer"}
{"timestamp": "2026-06-07T13:52:45.875856+00:00", "levelname": "INFO", "name": "db_manager", "message": "Cleaned up 0 old snapshots.", "session_id": "aa574bae", "project_name": "ozbargainer"}
{"timestamp": "2026-06-07T13:53:11.852082+00:00", "levelname": "INFO", "name": "db_schema", "message": "Logtail handler initialized.", "session_id": "0d82d6c8", "project_name": "ozbargainer"}
{"timestamp": "2026-06-07T13:53:11.852679+00:00", "levelname": "INFO", "name": "db_manager", "message": "Logtail handler initialized.", "session_id": "0d82d6c8", "project_name": "ozbargainer"}
{"timestamp": "2026-06-07T13:53:11.872370+00:00", "levelname": "INFO", "name": "scraper", "message": "Logtail handler initialized.", "session_id": "0d82d6c8", "project_name": "ozbargainer"}
{"timestamp": "2026-06-07T13:53:11.878769+00:00", "levelname": "INFO", "name": "db_manager", "message": "Cleaned up 0 old snapshots.", "session_id": "0d82d6c8", "project_name": "ozbargainer"}
{"timestamp": "2026-06-07T13:53:11.879308+00:00", "levelname": "INFO", "name": "db_manager", "message": "Successful deal upsert for node/123", "event_type": "storage_upsert", "items_count": 1, "session_id": "0d82d6c8", "project_name": "ozbargainer"}
{"timestamp": "2026-06-07T13:53:11.879578+00:00", "levelname": "INFO", "name": "db_manager", "message": "Preserving upvotes (50) for node/123 (Incoming was 0)", "session_id": "0d82d6c8", "project_name": "ozbargainer"}
{"timestamp": "2026-06-07T13:53:11.879678+00:00", "levelname": "INFO", "name": "db_manager", "message": "Preserving comment_count (10) for node/123 (Incoming was 0)", "session_id": "0d82d6c8", "project_name": "ozbargainer"}
{"timestamp": "2026-06-07T13:53:11.879866+00:00", "levelname": "INFO", "name": "db_manager", "message": "Successful deal upsert for node/123", "event_type": "storage_upsert", "items_count": 1, "session_id": "0d82d6c8", "project_name": "ozbargainer"}
{"timestamp": "2026-06-07T13:53:11.881193+00:00", "levelname": "INFO", "name": "db_manager", "message": "Cleaned up 0 old snapshots.", "session_id": "0d82d6c8", "project_name": "ozbargainer"}
{"timestamp": "2026-06-07T13:53:11.881667+00:00", "levelname": "INFO", "name": "db_manager", "message": "Successful deal upsert for node/124", "event_type": "storage_upsert", "items_count": 1, "session_id": "0d82d6c8", "project_name": "ozbargainer"}
{"timestamp": "2026-06-07T13:53:11.881972+00:00", "levelname": "INFO", "name": "db_manager", "message": "Successful deal upsert for node/124", "event_type": "storage_upsert", "items_count": 1, "session_id": "0d82d6c8", "project_name": "ozbargainer"}
{"timestamp": "2026-06-07T13:53:11.883170+00:00", "levelname": "INFO", "name": "db_manager", "message": "Cleaned up 0 old snapshots.", "session_id": "0d82d6c8", "project_name": "ozbargainer"}
{"timestamp": "2026-06-07T13:53:26.575754+00:00", "levelname": "INFO", "name": "scraper", "message": "Logtail handler initialized.", "session_id": "d762eecb", "project_name": "ozbargainer"}
{"timestamp": "2026-06-07T13:53:26.577371+00:00", "levelname": "INFO", "name": "db_schema", "message": "Logtail handler initialized.", "session_id": "d762eecb", "project_name": "ozbargainer"}
{"timestamp": "2026-06-07T13:53:26.577704+00:00", "levelname": "INFO", "name": "db_manager", "message": "Logtail handler initialized.", "session_id": "d762eecb", "project_name": "ozbargainer"}
{"timestamp": "2026-06-07T13:53:26.591375+00:00", "levelname": "INFO", "name": "db_manager", "message": "Cleaned up 207 old snapshots.", "session_id": "d762eecb", "project_name": "ozbargainer"}
{"timestamp": "2026-06-07T13:53:32.937266+00:00", "levelname": "INFO", "name": "db_schema", "message": "Logtail handler initialized.", "session_id": "09f7edd2", "project_name": "ozbargainer"}
{"timestamp": "2026-06-07T13:53:32.937793+00:00", "levelname": "INFO", "name": "db_manager", "message": "Logtail handler initialized.", "session_id": "09f7edd2", "project_name": "ozbargainer"}
{"timestamp": "2026-06-07T13:53:32.956216+00:00", "levelname": "INFO", "name": "scraper", "message": "Logtail handler initialized.", "session_id": "09f7edd2", "project_name": "ozbargainer"}
{"timestamp": "2026-06-07T13:53:32.962735+00:00", "levelname": "INFO", "name": "db_manager", "message": "Cleaned up 0 old snapshots.", "session_id": "09f7edd2", "project_name": "ozbargainer"}
{"timestamp": "2026-06-07T13:53:32.963406+00:00", "levelname": "INFO", "name": "db_manager", "message": "Successful deal upsert for node/123", "event_type": "storage_upsert", "items_count": 1, "session_id": "09f7edd2", "project_name": "ozbargainer"}
{"timestamp": "2026-06-07T13:53:32.963737+00:00", "levelname": "INFO", "name": "db_manager", "message": "Preserving upvotes (50) for node/123 (Incoming was 0)", "session_id": "09f7edd2", "project_name": "ozbargainer"}
{"timestamp": "2026-06-07T13:53:32.963838+00:00", "levelname": "INFO", "name": "db_manager", "message": "Preserving comment_count (10) for node/123 (Incoming was 0)", "session_id": "09f7edd2", "project_name": "ozbargainer"}
{"timestamp": "2026-06-07T13:53:32.964046+00:00", "levelname": "INFO", "name": "db_manager", "message": "Successful deal upsert for node/123", "event_type": "storage_upsert", "items_count": 1, "session_id": "09f7edd2", "project_name": "ozbargainer"}
{"timestamp": "2026-06-07T13:53:32.965395+00:00", "levelname": "INFO", "name": "db_manager", "message": "Cleaned up 0 old snapshots.", "session_id": "09f7edd2", "project_name": "ozbargainer"}
{"timestamp": "2026-06-07T13:53:32.965881+00:00", "levelname": "INFO", "name": "db_manager", "message": "Successful deal upsert for node/124", "event_type": "storage_upsert", "items_count": 1, "session_id": "09f7edd2", "project_name": "ozbargainer"}
{"timestamp": "2026-06-07T13:53:32.966195+00:00", "levelname": "INFO", "name": "db_manager", "message": "Successful deal upsert for node/124", "event_type": "storage_upsert", "items_count": 1, "session_id": "09f7edd2", "project_name": "ozbargainer"}
{"timestamp": "2026-06-07T13:53:32.967467+00:00", "levelname": "INFO", "name": "db_manager", "message": "Cleaned up 0 old snapshots.", "session_id": "09f7edd2", "project_name": "ozbargainer"}
{"timestamp": "2026-06-07T13:53:44.140047+00:00", "levelname": "INFO", "name": "scraper", "message": "Logtail handler initialized.", "session_id": "aff23201", "project_name": "ozbargainer"}
{"timestamp": "2026-06-07T13:53:44.141790+00:00", "levelname": "INFO", "name": "db_schema", "message": "Logtail handler initialized.", "session_id": "aff23201", "project_name": "ozbargainer"}
{"timestamp": "2026-06-07T13:53:44.142148+00:00", "levelname": "INFO", "name": "db_manager", "message": "Logtail handler initialized.", "session_id": "aff23201", "project_name": "ozbargainer"}
{"timestamp": "2026-06-07T13:53:44.143135+00:00", "levelname": "INFO", "name": "monitor", "message": "Logtail handler initialized.", "session_id": "aff23201", "project_name": "ozbargainer"}
{"timestamp": "2026-06-07T13:53:44.143744+00:00", "levelname": "INFO", "name": "db_manager", "message": "Cleaned up 0 old snapshots.", "session_id": "aff23201", "project_name": "ozbargainer"}
{"timestamp": "2026-06-07T13:53:44.143894+00:00", "levelname": "INFO", "name": "monitor", "message": "Starting Live Monitor...", "event_type": "startup", "session_id": "aff23201", "project_name": "ozbargainer"}
{"timestamp": "2026-06-07T13:53:44.143987+00:00", "levelname": "INFO", "name": "monitor", "message": "Initializing browser session...", "session_id": "aff23201", "project_name": "ozbargainer"}
{"timestamp": "2026-06-07T13:53:44.309942+00:00", "levelname": "INFO", "name": "monitor", "message": "Launching local browser...", "session_id": "aff23201", "project_name": "ozbargainer"}
{"timestamp": "2026-06-07T13:53:44.402809+00:00", "levelname": "INFO", "name": "monitor", "message": "Navigating to /live...", "session_id": "aff23201", "project_name": "ozbargainer"}
{"timestamp": "2026-06-07T13:53:45.018299+00:00", "levelname": "INFO", "name": "monitor", "message": "Configuring filters...", "session_id": "aff23201", "project_name": "ozbargainer"}
{"timestamp": "2026-06-07T13:53:46.531601+00:00", "levelname": "INFO", "name": "monitor", "message": "Filters configured. Listening for updates...", "session_id": "aff23201", "project_name": "ozbargainer"}
{"timestamp": "2026-06-07T13:53:46.531873+00:00", "levelname": "INFO", "name": "monitor", "message": "Performing scheduled trending deals check...", "session_id": "aff23201", "project_name": "ozbargainer"}
{"timestamp": "2026-06-07T13:53:46.872382+00:00", "levelname": "INFO", "name": "db_manager", "message": "Successful deal upsert for comment/17643947", "event_type": "storage_upsert", "items_count": 1, "session_id": "aff23201", "project_name": "ozbargainer"}
{"timestamp": "2026-06-07T13:53:46.872744+00:00", "levelname": "INFO", "name": "monitor", "message": "Upserted Deal: comment/17643947 - Amazfit Smart Watch: T-Rex 3 48mm $330.65, Balance", "session_id": "aff23201", "project_name": "ozbargainer"}
{"timestamp": "2026-06-07T13:53:47.483604+00:00", "levelname": "INFO", "name": "db_manager", "message": "Successful deal upsert for node/962437", "event_type": "storage_upsert", "items_count": 1, "session_id": "aff23201", "project_name": "ozbargainer"}
{"timestamp": "2026-06-07T13:53:47.484258+00:00", "levelname": "INFO", "name": "monitor", "message": "Upserted Deal: node/962437 - Inox MX3 Aerosol Anti Corrosion Lubricant 300gm Ca", "session_id": "aff23201", "project_name": "ozbargainer"}
{"timestamp": "2026-06-07T13:53:47.915216+00:00", "levelname": "INFO", "name": "db_manager", "message": "Successful deal upsert for node/962462", "event_type": "storage_upsert", "items_count": 1, "session_id": "aff23201", "project_name": "ozbargainer"}
{"timestamp": "2026-06-07T13:53:47.915689+00:00", "levelname": "INFO", "name": "monitor", "message": "Upserted Deal: node/962462 - Reebok Premier Series Sneakers, ATR Chill, Basketb", "session_id": "aff23201", "project_name": "ozbargainer"}
{"timestamp": "2026-06-07T13:53:48.332574+00:00", "levelname": "INFO", "name": "db_manager", "message": "Successful deal upsert for comment/17643946", "event_type": "storage_upsert", "items_count": 1, "session_id": "aff23201", "project_name": "ozbargainer"}
{"timestamp": "2026-06-07T13:53:48.333173+00:00", "levelname": "INFO", "name": "monitor", "message": "Upserted Deal: comment/17643946 - Panasonic Eneloop AA/AAA 4-Pack $18.99 ($17.09 S&S", "session_id": "aff23201", "project_name": "ozbargainer"}
{"timestamp": "2026-06-07T13:53:48.846411+00:00", "levelname": "INFO", "name": "db_manager", "message": "Successful deal upsert for node/962176", "event_type": "storage_upsert", "items_count": 1, "session_id": "aff23201", "project_name": "ozbargainer"}
{"timestamp": "2026-06-07T13:53:48.847009+00:00", "levelname": "INFO", "name": "monitor", "message": "Upserted Deal: node/962176 - 25% off RRP Storewide + Delivery ($0 C&C/ in-Store", "session_id": "aff23201", "project_name": "ozbargainer"}
{"timestamp": "2026-06-07T13:53:49.614223+00:00", "levelname": "INFO", "name": "db_manager", "message": "Successful deal upsert for node/962465", "event_type": "storage_upsert", "items_count": 1, "session_id": "aff23201", "project_name": "ozbargainer"}
{"timestamp": "2026-06-07T13:53:49.614762+00:00", "levelname": "INFO", "name": "monitor", "message": "Upserted Deal: node/962465 - Imuto Rechargeable USB-C Lithium 4AAA&4AA Batterie", "session_id": "aff23201", "project_name": "ozbargainer"}
{"timestamp": "2026-06-07T13:53:50.049287+00:00", "levelname": "INFO", "name": "db_manager", "message": "Successful deal upsert for node/962403", "event_type": "storage_upsert", "items_count": 1, "session_id": "aff23201", "project_name": "ozbargainer"}
{"timestamp": "2026-06-07T13:53:50.049675+00:00", "levelname": "INFO", "name": "monitor", "message": "Upserted Deal: node/962403 - Dewalt Brushless Cordless Grinder DCG408N 18V LI-I", "session_id": "aff23201", "project_name": "ozbargainer"}
{"timestamp": "2026-06-07T13:53:50.308515+00:00", "levelname": "INFO", "name": "db_manager", "message": "Successful deal upsert for comment/17643945", "event_type": "storage_upsert", "items_count": 1, "session_id": "aff23201", "project_name": "ozbargainer"}
{"timestamp": "2026-06-07T13:53:50.309183+00:00", "levelname": "INFO", "name": "monitor", "message": "Upserted Deal: comment/17643945 - [VIC] Free Classic Single Burger & Coke (First 300", "session_id": "aff23201", "project_name": "ozbargainer"}
